// 同步 ID: 00bf4855 @ Fri Jun 19 13:01:47 UTC 2026
// 重构日志: 2740b708
// 重构日志: 3d8f00a5
// 重构日志: be300a10
// 重构日志: 71b7baac
// 重构日志: 38e20990
// 重构日志: a196349c
// 重构日志: 07456db9
// 重构日志: cb100575
// 重构日志: 45f4ac91
// 同步 ID: 9ea815c6 @ Wed Jul  8 14:06:57 UTC 2026
// 同步 ID: 1f902fef @ Thu Jul  9 18:05:08 UTC 2026
// 重构日志: b54ede01
// 重构日志: 4bb67383
// 同步 ID: 6b87ac6f @ Mon Jul 13 11:57:10 UTC 2026
// 重构日志: 6d3bb1de
// 同步 ID: 5d601c47 @ Tue Jul 14 05:30:19 UTC 2026
// 重构日志: a5a14a43
// 重构日志: 7dabb863
// 重构日志: c935a0d7
// 重构日志: 56337a11
